grep: config/GrepTest-551770729852976-configuration.json: No such file or directory
grep: config/GrepTest-551770729852976-configuration.json: No such file or directory
grep: config/GrepTest-551770729852976-configuration.json: No such file or directory
grep: config/GrepTest-551770729852976-configuration.json: No such file or directory
grep: config/GrepTest-551770729852976-configuration.json: No such file or directory
grep: config/GrepTest-551770729852976-configuration.json: No such file or directory
grep: config/GrepTest-551770729852976-configuration.json: No such file or directory
grep: config/GrepTest-551770729852976-configuration.json: No such file or directory
grep: config/GrepTest-551770729852976-configuration.json: No such file or directory
grep: config/GrepTest-551770729852976-configuration.json: No such file or directory
grep: config/GrepTest-551770729852976-configuration.json: No such file or directory
grep: config/GrepTest-551770729852976-configuration.json: No such file or directory
grep: config/GrepTest-551770729852976-configuration.json: No such file or directory
grep: config/GrepTest-551770729852976-configuration.json: No such file or directory
grep: config/GrepTest-551770729852976-configuration.json: No such file or directory
grep: config/GrepTest-551770729852976-configuration.json: No such file or directory
grep: config/GrepTest-551770729852976-configuration.json: No such file or directory
grep: config/GrepTest-551770729852976-configuration.json: No such file or directory
grep: config/GrepTest-551770729852976-configuration.json: No such file or directory
grep: config/GrepTest-551770729852976-configuration.json: No such file or directory
grep: config/GrepTest-551770729852976-configuration.json: No such file or directory
grep: config/GrepTest-551770729852976-configuration.json: No such file or directory
grep: config/GrepTest-551770729852976-configuration.json: No such file or directory
grep: config/GrepTest-551770729852976-configuration.json: No such file or directory
grep: config/GrepTest-551770729852976-configuration.json: No such file or directory
grep: config/GrepTest-551770729852976-configuration.json: No such file or directory
grep: config/GrepTest-551770729852976-configuration.json: No such file or directory
grep: config/GrepTest-551770729852976-configuration.json: No such file or directory
grep: config/GrepTest-551770729852976-configuration.json: No such file or directory
grep: config/GrepTest-551770729852976-configuration.json: No such file or directory
grep: config/GrepTest-551770729852976-configuration.json: No such file or directory
grep: config/GrepTest-551770729852976-configuration.json: No such file or directory
grep: config/GrepTest-551770729852976-configuration.json: No such file or directory
grep: config/GrepTest-551770729852976-configuration.json: No such file or directory
grep: config/GrepTest-551770729852976-configuration.json: No such file or directory
grep: config/GrepTest-551770729852976-configuration.json: No such file or directory
grep: config/GrepTest-551770729852976-configuration.json: No such file or directory
grep: config/GrepTest-551770729852976-configuration.json: No such file or directory
grep: config/GrepTest-551770729852976-configuration.json: No such file or directory
grep: config/GrepTest-551770729852976-configuration.json: No such file or directory
grep: config/GrepTest-551770729852976-configuration.json: No such file or directory
grep: config/GrepTest-551770729852976-configuration.json: No such file or directory
grep: config/GrepTest-551770729852976-configuration.json: No such file or directory
grep: config/GrepTest-551770729852976-configuration.json: No such file or directory
grep: config/GrepTest-551770729852976-configuration.json: No such file or directory
grep: config/GrepTest-551770729852976-configuration.json: No such file or directory
grep: config/GrepTest-551770729852976-configuration.json: No such file or directory
grep: config/GrepTest-551770729852976-configuration.json: No such file or directory
grep: config/GrepTest-551770729852976-configuration.json: No such file or directory
grep: config/GrepTest-551770729852976-configuration.json: No such file or directory
grep: config/GrepTest-551770729852976-configuration.json: No such file or directory
grep: config/GrepTest-551770729852976-configuration.json: No such file or directory
grep: config/GrepTest-551770729852976-configuration.json: No such file or directory
grep: config/GrepTest-551770729852976-configuration.json: No such file or directory
grep: config/GrepTest-551770729852976-configuration.json: No such file or directory
grep: config/GrepTest-551770729852976-configuration.json: No such file or directory
grep: config/GrepTest-551770729852976-configuration.json: No such file or directory
grep: config/GrepTest-551770729852976-configuration.json: No such file or directory
grep: config/GrepTest-551770729852976-configuration.json: No such file or directory
grep: config/GrepTest-551770729852976-configuration.json: No such file or directory
grep: config/GrepTest-551770729852976-configuration.json: No such file or directory
grep: config/GrepTest-551770729852976-configuration.json: No such file or directory
jq: error: Could not open file config/GrepTest-551770729852976-configuration.json: No such file or directory
grep: config/GrepTest-551770729852976-configuration.json: No such file or directory
grep: config/GrepTest-551770729852976-configuration.json: No such file or directory
grep: config/GrepTest-551770729852976-configuration.json: No such file or directory
grep: config/GrepTest-551770729852976-configuration.json: No such file or directory
grep: config/GrepTest-551770729852976-configuration.json: No such file or directory
grep: config/GrepTest-551770729852976-configuration.json: No such file or directory
grep: config/GrepTest-551770729852976-configuration.json: No such file or directory
grep: config/GrepTest-551770729852976-configuration.json: No such file or directory
grep: config/GrepTest-551770729852976-configuration.json: No such file or directory
grep: config/GrepTest-551770729852976-configuration.json: No such file or directory
grep: config/GrepTest-551770729852976-configuration.json: No such file or directory
grep: config/GrepTest-551770729852976-configuration.json: No such file or directory
grep: config/GrepTest-551770729852976-configuration.json: No such file or directory
grep: config/GrepTest-551770729852976-configuration.json: No such file or directory
grep: config/GrepTest-551770729852976-configuration.json: No such file or directory
grep: config/GrepTest-551770729852976-configuration.json: No such file or directory
jq: error: Could not open file config/GrepTest-551770729852976-configuration.json: No such file or directory
<header>
</header>
<host_config>
/usr/bin/which: no lcg-cp in (/usr/lib/jvm/java-11-openjdk-11.0.18.0.10-1.fc36.x86_64/bin:/home/patil/.vscode-server/data/User/globalStorage/pleiades.java-extension-pack-jdk/gradle/latest/bin:/home/patil/.vscode-server/data/User/globalStorage/pleiades.java-extension-pack-jdk/maven/latest/bin:/usr/local/go/bin:/usr/local/go/bin:/usr/local/go/bin:/mnt/c/Users/patil/projects/appilications:/home/patil/.vscode-server/bin/5437499feb04f7a586f677b155b039bc2b3669eb/bin/remote-cli:/usr/local/go/bin:/usr/local/go/bin:/usr/local/go/bin:/mnt/c/Users/patil/projects/appilications:/home/patil/.local/bin:/home/patil/bin:/usr/local/sbin:/usr/local/bin:/usr/sbin:/usr/bin:/sbin:/bin:/usr/games:/usr/local/games:/usr/lib/wsl/lib:/mnt/c/Program Files/Common Files/Oracle/Java/javapath:/mnt/c/Program Files/Java/jdk-11/bin:/mnt/c/Program Files/Eclipse Adoptium/jdk-17.0.7.7-hotspot/bin:/mnt/c/Program Files/ImageMagick:/mnt/c/Windows/system32:/mnt/c/Windows:/mnt/c/Windows/System32/Wbem:/mnt/c/Windows/System32/WindowsPowerShell/v1.0/:/mnt/c/Program Files/Calibre2/:/mnt/c/Program Files/dotnet/:/mnt/c/Program Files/MATLAB/R2022b/runtime/win64:/mnt/c/Program Files/MATLAB/R2022b/bin:/mnt/c/Program Files/TortoiseGit/bin:/mnt/c/Program Files (x86)/gs/gs9.56.1/bin:/mnt/c/Program Files/gs/gs9.56.1/bin:/mnt/c/Program Files (x86)/gs/gs10.00.0/bin:/mnt/c/Program Files/gs/gs10.00.0/bin:/mnt/c/Program Files (x86)/WinSCP/:/mnt/c/Program Files/PuTTY/:/mnt/c/Program Files/MiKTeX/miktex/bin/x64/:/mnt/c/Program Files/CMake/bin:/mnt/c/Program Files/Microsoft VS Code/bin:/mnt/c/Program Files/Docker/Docker/resources/bin:/mnt/c/Windows/System32/OpenSSH/:/mnt/c/Users/patil/AppData/Local/Programs/Python/Launcher:/mnt/c/Users/patil/AppData/Local/Programs/Python/Python312:/mnt/c/Windows/System32/wsl.exe:/mnt/c/Program Files/Git/cmd:/mnt/c/Users/patil/AppData/Local/Programs/Python/Python312/Scripts/:/mnt/c/Users/patil/AppData/Local/Programs/Python/Python312/:/mnt/c/Users/patil/AppData/Local/Programs/Python/Launcher/:/mnt/c/apache-maven-3.9.0/bin:/home/patil/go/bin:/home/patil/go/bin:/usr/local/go/bin:/home/patil/go/bin:/mnt/c/Users/patil/projects/MoteurLite_APLHA/GSOAP/gsoap-2.8:/home/patil/go/bin:/home/patil/go/bin:/usr/local/go/bin:/home/patil/go/bin:/mnt/c/Users/patil/projects/MoteurLite_APLHA/GSOAP/gsoap-2.8)
mkdir: missing operand
Try 'mkdir --help' for more information.
</host_config>
<background>
awk: fatal: cannot open file `/home/patil/winhome/projects/MoteurLite_APLHA/vip-workflow-engine-develop/vip-workflow-engine/cache/cache.txt' for reading: No such file or directory
./sh/GrepTest-551770729852976.sh: line 370: dirac-dms-lfn-metadata: command not found
basename: missing operand
Try 'basename --help' for more information.
rm: cannot remove '/home/patil/winhome/projects/MoteurLite_APLHA/vip-workflow-engine-develop/vip-workflow-engine/GrepTest-551770729852976/': Is a directory
[ ERROR - Fri 23 Aug 03:12:00 CEST 2024 ] dirac-dms-get-file failed
[ ERROR - Fri 23 Aug 03:12:00 CEST 2024 ] ./sh/GrepTest-551770729852976.sh: line 388: time: command not found
</background>
<inputs_download>
basename: missing operand
Try 'basename --help' for more information.
</inputs_download>
<application_environment>
</application_environment>
./sh/GrepTest-551770729852976.sh: line 1180: /bosh: No such file or directory
</application_execution>
Error in sitecustomize; set PYTHONVERBOSE for traceback:
AttributeError: module 'sys' has no attribute 'setdefaultencoding'
usage: bosh exec launch [-h] [-v VOLUMES] [-x] [-u] [-s]
                        [--imagepath IMAGEPATH] [--skip-data-collection]
                        [--provenance PROVENANCE] [--no-container] [--sandbox]
                        [--no-automounts]
                        [--force-docker | --force-singularity]
                        descriptor invocation
bosh exec launch: error: the following arguments are required: invocation
[ ERROR - Fri 23 Aug 03:12:02 CEST 2024 ] Boutiques cache dir does not exist.
jq: error: Could not open file /home/patil/winhome/projects/MoteurLite_APLHA/vip-workflow-engine-develop/vip-workflow-engine/GrepTest-551770729852976/provenance_file.json: No such file or directory
<results_upload>
./sh/GrepTest-551770729852976.sh: line 1337: dmkdir: command not found
</results_upload>
<footer>
<cleanup>
cat: /: Is a directory
./sh/GrepTest-551770729852976.sh: line 161: kill: (29732) - No such process
</cleanup>
./sh/GrepTest-551770729852976.sh: line 1375: /home/grid/session/vip-workflow-engine.diag: No such file or directory
